  Reading Qt configuration (C:\Qt\5.12.5\msvc2017_64\\bin\qmake.exe)
  Uic'ing logwindow.ui...
  Uic'ing mainwindow.ui...
  Uic'ing plotter.ui...
  Uic'ing runtimewindow.ui...
  Moc'ing delegate.h...
  Moc'ing diagramview.h...
  Moc'ing mainwindow.h...
  Moc'ing expEditor.h...
  Moc'ing expressioneditor.h...
  Moc'ing logwindow.h...
  Moc'ing propmodel.h...
  Moc'ing ..\qcustomplot\qcustomplot.h...
  Moc'ing plotter.h...
  Moc'ing runtimewindow.h...
  BTC.cpp
  BTCSet.cpp
  Binary.cpp
  Block.cpp
  Command.cpp
  Condition.cpp
C:\Projects\Aquifolium\include\Condition.h(20,30): warning C4267: 'return': conversion from 'size_t' to 'unsigned int', possible loss of data (compiling source file ..\Aquifolium\src\Block.cpp)
C:\Projects\Aquifolium\include\Condition.h(20,30): warning C4267: 'return': conversion from 'size_t' to 'unsigned int', possible loss of data (compiling source file ..\Aquifolium\src\Condition.cpp)
  Distribution.cpp
  DistributionNUnif.cpp
  ErrorHandler.cpp
  Expression.cpp
C:\Projects\Aquifolium\src\GA\Binary.cpp(78,23): warning C4805: '==': unsafe mix of type '_Ty' and type 'bool' in operation
C:\Projects\Aquifolium\src\GA\Binary.cpp(78,23): warning C4805:         with
C:\Projects\Aquifolium\src\GA\Binary.cpp(78,23): warning C4805:         [
C:\Projects\Aquifolium\src\GA\Binary.cpp(78,23): warning C4805:             _Ty=int
C:\Projects\Aquifolium\src\GA\Binary.cpp(78,23): warning C4805:         ]
C:\Projects\Aquifolium\src\BTCSet.cpp(39,1): warning C4267: 'argument': conversion from 'size_t' to 'int', possible loss of data
C:\Projects\Aquifolium\src\BTCSet.cpp(249,44): warning C4267: '=': conversion from 'size_t' to 'int', possible loss of data
C:\Projects\Aquifolium\src\BTCSet.cpp(277,44): warning C4267: '=': conversion from 'size_t' to 'int', possible loss of data
C:\Projects\Aquifolium\src\BTCSet.cpp(368,44): warning C4267: '=': conversion from 'size_t' to 'int', possible loss of data
C:\Projects\Aquifolium\src\BTCSet.cpp(370,31): warning C4267: 'initializing': conversion from 'size_t' to 'int', possible loss of data
C:\Projects\Aquifolium\src\BTC.cpp(357,66): warning C4100: 'lowlim': unreferenced formal parameter
C:\Projects\Aquifolium\src\BTCSet.cpp(584,30): warning C4267: '=': conversion from 'size_t' to 'int', possible loss of data
C:\Projects\Aquifolium\src\BTC.cpp(893,10): warning C4244: 'initializing': conversion from '_Ty' to 'int', possible loss of data
C:\Projects\Aquifolium\src\BTC.cpp(893,10): warning C4244:         with
C:\Projects\Aquifolium\src\BTC.cpp(893,10): warning C4244:         [
C:\Projects\Aquifolium\src\BTC.cpp(893,10): warning C4244:             _Ty=double
C:\Projects\Aquifolium\src\BTC.cpp(893,10): warning C4244:         ]
C:\Projects\Aquifolium\src\BTC.cpp(894,10): warning C4244: 'initializing': conversion from '_Ty' to 'int', possible loss of data
C:\Projects\Aquifolium\src\BTC.cpp(894,10): warning C4244:         with
C:\Projects\Aquifolium\src\BTC.cpp(894,10): warning C4244:         [
C:\Projects\Aquifolium\src\BTC.cpp(894,10): warning C4244:             _Ty=double
C:\Projects\Aquifolium\src\BTC.cpp(894,10): warning C4244:         ]
C:\Projects\Aquifolium\src\BTC.cpp(902,16): warning C4244: 'initializing': conversion from '_Ty' to 'int', possible loss of data
C:\Projects\Aquifolium\src\BTC.cpp(902,16): warning C4244:         with
C:\Projects\Aquifolium\src\BTC.cpp(902,16): warning C4244:         [
C:\Projects\Aquifolium\src\BTC.cpp(902,16): warning C4244:             _Ty=double
C:\Projects\Aquifolium\src\BTC.cpp(902,16): warning C4244:         ]
C:\Projects\Aquifolium\src\BTC.cpp(903,10): warning C4244: 'initializing': conversion from '_Ty' to 'int', possible loss of data
C:\Projects\Aquifolium\src\BTC.cpp(903,10): warning C4244:         with
C:\Projects\Aquifolium\src\BTC.cpp(903,10): warning C4244:         [
C:\Projects\Aquifolium\src\BTC.cpp(903,10): warning C4244:             _Ty=double
C:\Projects\Aquifolium\src\BTC.cpp(903,10): warning C4244:         ]
C:\Projects\Aquifolium\src\BTCSet.cpp(777,37): warning C4267: 'argument': conversion from 'size_t' to 'int', possible loss of data
C:\Projects\Aquifolium\src\BTCSet.cpp(918,16): warning C4244: 'argument': conversion from 'double' to 'const _Ty', possible loss of data
C:\Projects\Aquifolium\src\BTCSet.cpp(918,16): warning C4244:         with
C:\Projects\Aquifolium\src\BTCSet.cpp(918,16): warning C4244:         [
C:\Projects\Aquifolium\src\BTCSet.cpp(918,16): warning C4244:             _Ty=int
C:\Projects\Aquifolium\src\BTCSet.cpp(918,16): warning C4244:         ]
C:\Projects\Aquifolium\src\BTCSet.cpp(993,26): warning C4267: '=': conversion from 'size_t' to 'int', possible loss of data
C:\Projects\Aquifolium\src\BTC.cpp(1091,28): warning C4267: 'argument': conversion from 'size_t' to 'int', possible loss of data
C:\Projects\Aquifolium\src\BTC.cpp(1451,21): warning C4267: 'initializing': conversion from 'size_t' to 'int', possible loss of data
C:\Projects\Aquifolium\src\BTC.cpp(1465,17): warning C4267: '=': conversion from 'size_t' to 'int', possible loss of data
C:\Projects\Aquifolium\include\QuanSet.h(35,30): warning C4267: 'return': conversion from 'size_t' to 'unsigned long', possible loss of data (compiling source file ..\Aquifolium\src\Block.cpp)
C:\Projects\Aquifolium\include\MetaModel.h(15,46): warning C4267: 'return': conversion from 'size_t' to 'unsigned long', possible loss of data (compiling source file ..\Aquifolium\src\Block.cpp)
C:\Projects\Aquifolium\include\MetaModel.h(22,30): warning C4267: 'return': conversion from 'size_t' to 'unsigned long', possible loss of data (compiling source file ..\Aquifolium\src\Block.cpp)
C:\Projects\Aquifolium\include\Condition.h(20,30): warning C4267: 'return': conversion from 'size_t' to 'unsigned int', possible loss of data (compiling source file ..\Aquifolium\src\Expression.cpp)
C:\Projects\Aquifolium\src\BTC.cpp(212): warning C4715: 'CTimeSeries::interpol': not all control paths return a value
  Individual.cpp
C:\Projects\Aquifolium\src\BTCSet.cpp(977): warning C4172: returning address of local variable or temporary: BTC1
C:\Projects\Aquifolium\src\GA\Individual.cpp(158,39): warning C4244: 'argument': conversion from '_Ty' to 'int', possible loss of data
C:\Projects\Aquifolium\src\GA\Individual.cpp(158,39): warning C4244:         with
C:\Projects\Aquifolium\src\GA\Individual.cpp(158,39): warning C4244:         [
C:\Projects\Aquifolium\src\GA\Individual.cpp(158,39): warning C4244:             _Ty=double
C:\Projects\Aquifolium\src\GA\Individual.cpp(158,39): warning C4244:         ]
C:\Projects\Aquifolium\src\GA\Individual.cpp(159,39): warning C4244: 'argument': conversion from '_Ty' to 'int', possible loss of data
C:\Projects\Aquifolium\src\GA\Individual.cpp(159,39): warning C4244:         with
C:\Projects\Aquifolium\src\GA\Individual.cpp(159,39): warning C4244:         [
C:\Projects\Aquifolium\src\GA\Individual.cpp(159,39): warning C4244:             _Ty=double
C:\Projects\Aquifolium\src\GA\Individual.cpp(159,39): warning C4244:         ]
C:\Projects\Aquifolium\src\GA\Individual.cpp(172,50): warning C4244: 'argument': conversion from '_Ty' to 'int', possible loss of data
C:\Projects\Aquifolium\src\GA\Individual.cpp(172,50): warning C4244:         with
C:\Projects\Aquifolium\src\GA\Individual.cpp(172,50): warning C4244:         [
C:\Projects\Aquifolium\src\GA\Individual.cpp(172,50): warning C4244:             _Ty=double
C:\Projects\Aquifolium\src\GA\Individual.cpp(172,50): warning C4244:         ]
C:\Projects\Aquifolium\src\GA\Individual.cpp(172,38): warning C4244: 'argument': conversion from '_Ty' to 'int', possible loss of data
C:\Projects\Aquifolium\src\GA\Individual.cpp(172,38): warning C4244:         with
C:\Projects\Aquifolium\src\GA\Individual.cpp(172,38): warning C4244:         [
C:\Projects\Aquifolium\src\GA\Individual.cpp(172,38): warning C4244:             _Ty=double
C:\Projects\Aquifolium\src\GA\Individual.cpp(172,38): warning C4244:         ]
C:\Projects\Aquifolium\src\GA\Individual.cpp(173,50): warning C4244: 'argument': conversion from '_Ty' to 'int', possible loss of data
C:\Projects\Aquifolium\src\GA\Individual.cpp(173,50): warning C4244:         with
C:\Projects\Aquifolium\src\GA\Individual.cpp(173,50): warning C4244:         [
C:\Projects\Aquifolium\src\GA\Individual.cpp(173,50): warning C4244:             _Ty=double
C:\Projects\Aquifolium\src\GA\Individual.cpp(173,50): warning C4244:         ]
  Link.cpp
  Matrix.cpp
C:\Projects\Aquifolium\src\GA\Individual.cpp(173,38): warning C4244: 'argument': conversion from '_Ty' to 'int', possible loss of data
C:\Projects\Aquifolium\src\GA\Individual.cpp(173,38): warning C4244:         with
C:\Projects\Aquifolium\src\GA\Individual.cpp(173,38): warning C4244:         [
C:\Projects\Aquifolium\src\GA\Individual.cpp(173,38): warning C4244:             _Ty=double
C:\Projects\Aquifolium\src\GA\Individual.cpp(173,38): warning C4244:         ]
C:\Projects\Aquifolium\include\QuanSet.h(35,30): warning C4267: 'return': conversion from 'size_t' to 'unsigned long', possible loss of data (compiling source file ..\Aquifolium\src\Expression.cpp)
C:\Projects\Aquifolium\include\Condition.h(20,30): warning C4267: 'return': conversion from 'size_t' to 'unsigned int', possible loss of data (compiling source file ..\Aquifolium\src\Link.cpp)
C:\Projects\Aquifolium\include\MetaModel.h(15,46): warning C4267: 'return': conversion from 'size_t' to 'unsigned long', possible loss of data (compiling source file ..\Aquifolium\src\Expression.cpp)
C:\Projects\Aquifolium\include\MetaModel.h(22,30): warning C4267: 'return': conversion from 'size_t' to 'unsigned long', possible loss of data (compiling source file ..\Aquifolium\src\Expression.cpp)
C:\Projects\Aquifolium\src\Matrix.cpp(79,32): warning C4267: '=': conversion from 'size_t' to 'int', possible loss of data
C:\Projects\Aquifolium\src\Matrix.cpp(719,10): warning C4129: '=': unrecognized character escape sequence
C:\Projects\Aquifolium\src\Matrix.cpp(725,27): warning C4129: ',': unrecognized character escape sequence
C:\Projects\Aquifolium\src\Matrix.cpp(726,25): warning C4129: ',': unrecognized character escape sequence
C:\Projects\Aquifolium\src\Matrix.cpp(754,12): warning C4101: 'rtt': unreferenced local variable
C:\Projects\Aquifolium\src\Matrix.cpp(837,28): warning C4129: ',': unrecognized character escape sequence
C:\Projects\Aquifolium\src\Matrix.cpp(838,26): warning C4129: ',': unrecognized character escape sequence
C:\Projects\Aquifolium\src\Matrix.cpp(850,18): warning C4267: 'initializing': conversion from 'size_t' to 'int', possible loss of data
C:\Projects\Aquifolium\src\Matrix.cpp(962,21): warning C4129: ',': unrecognized character escape sequence
C:\Projects\Aquifolium\src\Matrix.cpp(966,33): warning C4129: ',': unrecognized character escape sequence
C:\Projects\Aquifolium\src\Matrix.cpp(975,24): warning C4129: ',': unrecognized character escape sequence
C:\Projects\Aquifolium\src\Matrix.cpp(980,45): warning C4129: ',': unrecognized character escape sequence
C:\Projects\Aquifolium\src\Matrix.cpp(1011,24): warning C4267: '=': conversion from 'size_t' to 'int', possible loss of data
C:\Projects\Aquifolium\include\QuanSet.h(35,30): warning C4267: 'return': conversion from 'size_t' to 'unsigned long', possible loss of data (compiling source file ..\Aquifolium\src\Link.cpp)
C:\Projects\Aquifolium\include\MetaModel.h(15,46): warning C4267: 'return': conversion from 'size_t' to 'unsigned long', possible loss of data (compiling source file ..\Aquifolium\src\Link.cpp)
C:\Projects\Aquifolium\include\MetaModel.h(22,30): warning C4267: 'return': conversion from 'size_t' to 'unsigned long', possible loss of data (compiling source file ..\Aquifolium\src\Link.cpp)
  Matrix_arma.cpp
C:\Projects\Aquifolium\include\ErrorHandler.h(33,21): warning C4267: 'return': conversion from 'size_t' to 'int', possible loss of data (compiling source file ..\Aquifolium\src\Command.cpp)
C:\Projects\Aquifolium\include\ErrorHandler.h(33,21): warning C4267: 'return': conversion from 'size_t' to 'int', possible loss of data (compiling source file ..\Aquifolium\src\ErrorHandler.cpp)
C:\Projects\Aquifolium\src\ErrorHandler.cpp(13,48): warning C4100: 'other': unreferenced formal parameter
C:\Projects\Aquifolium\include\Condition.h(20,30): warning C4267: 'return': conversion from 'size_t' to 'unsigned int', possible loss of data (compiling source file ..\Aquifolium\src\Command.cpp)
C:\Projects\Aquifolium\include\QuanSet.h(35,30): warning C4267: 'return': conversion from 'size_t' to 'unsigned long', possible loss of data (compiling source file ..\Aquifolium\src\Command.cpp)
C:\Projects\Aquifolium\include\MetaModel.h(15,46): warning C4267: 'return': conversion from 'size_t' to 'unsigned long', possible loss of data (compiling source file ..\Aquifolium\src\Command.cpp)
C:\Projects\Aquifolium\include\MetaModel.h(22,30): warning C4267: 'return': conversion from 'size_t' to 'unsigned long', possible loss of data (compiling source file ..\Aquifolium\src\Command.cpp)
C:\Projects\Aquifolium\include\Script.h(31,29): warning C4267: 'return': conversion from 'size_t' to 'int', possible loss of data (compiling source file ..\Aquifolium\src\Command.cpp)
C:\Projects\Aquifolium\include\Objective_Function_Set.h(29,1): warning C4267: 'return': conversion from 'size_t' to 'unsigned int', possible loss of data (compiling source file ..\Aquifolium\src\Command.cpp)
C:\Projects\Aquifolium\include\Parameter_Set.h(29,1): warning C4267: 'return': conversion from 'size_t' to 'unsigned int', possible loss of data (compiling source file ..\Aquifolium\src\Command.cpp)
C:\Projects\Aquifolium\include\System.h(133,26): warning C4267: 'return': conversion from 'size_t' to 'int', possible loss of data (compiling source file ..\Aquifolium\src\Command.cpp)
C:\Projects\Aquifolium\include\System.h(134,29): warning C4267: 'return': conversion from 'size_t' to 'int', possible loss of data (compiling source file ..\Aquifolium\src\Command.cpp)
C:\Projects\Aquifolium\include\System.h(135,26): warning C4267: 'return': conversion from 'size_t' to 'int', possible loss of data (compiling source file ..\Aquifolium\src\Command.cpp)
C:\Projects\Aquifolium\include\System.h(136,28): warning C4267: 'return': conversion from 'size_t' to 'int', possible loss of data (compiling source file ..\Aquifolium\src\Command.cpp)
C:\Projects\Aquifolium\include\System.h(194,46): warning C4100: 's': unreferenced formal parameter (compiling source file ..\Aquifolium\src\Command.cpp)
C:\Projects\Aquifolium\include\ErrorHandler.h(33,21): warning C4267: 'return': conversion from 'size_t' to 'int', possible loss of data (compiling source file ..\Aquifolium\src\Block.cpp)
C:\Projects\Aquifolium\include\Objective_Function_Set.h(29,1): warning C4267: 'return': conversion from 'size_t' to 'unsigned int', possible loss of data (compiling source file ..\Aquifolium\src\Block.cpp)
C:\Projects\Aquifolium\include\Parameter_Set.h(29,1): warning C4267: 'return': conversion from 'size_t' to 'unsigned int', possible loss of data (compiling source file ..\Aquifolium\src\Block.cpp)
C:\Projects\Aquifolium\include\System.h(133,26): warning C4267: 'return': conversion from 'size_t' to 'int', possible loss of data (compiling source file ..\Aquifolium\src\Block.cpp)
C:\Projects\Aquifolium\include\System.h(134,29): warning C4267: 'return': conversion from 'size_t' to 'int', possible loss of data (compiling source file ..\Aquifolium\src\Block.cpp)
C:\Projects\Aquifolium\include\System.h(135,26): warning C4267: 'return': conversion from 'size_t' to 'int', possible loss of data (compiling source file ..\Aquifolium\src\Block.cpp)
C:\Projects\Aquifolium\include\System.h(136,28): warning C4267: 'return': conversion from 'size_t' to 'int', possible loss of data (compiling source file ..\Aquifolium\src\Block.cpp)
C:\Projects\Aquifolium\include\System.h(194,46): warning C4100: 's': unreferenced formal parameter (compiling source file ..\Aquifolium\src\Block.cpp)
C:\Projects\Aquifolium\src\Command.cpp(536,10): warning C4189: 'out': local variable is initialized but not referenced
C:\Projects\Aquifolium\src\Matrix_arma.cpp(401,26): warning C4129: ',': unrecognized character escape sequence
C:\Projects\Aquifolium\src\Matrix_arma.cpp(449,31): warning C4129: ',': unrecognized character escape sequence
C:\Projects\Aquifolium\src\Matrix_arma.cpp(450,29): warning C4129: ',': unrecognized character escape sequence
C:\Projects\Aquifolium\src\Matrix_arma.cpp(462,18): warning C4267: 'initializing': conversion from 'size_t' to 'int', possible loss of data
C:\Projects\Aquifolium\src\Matrix_arma.cpp(550,21): warning C4129: ',': unrecognized character escape sequence
C:\Projects\Aquifolium\src\Matrix_arma.cpp(554,33): warning C4129: ',': unrecognized character escape sequence
C:\Projects\Aquifolium\src\Matrix_arma.cpp(563,24): warning C4129: ',': unrecognized character escape sequence
C:\Projects\Aquifolium\src\Matrix_arma.cpp(568,45): warning C4129: ',': unrecognized character escape sequence
  MetaModel.cpp
C:\Projects\Aquifolium\include\ErrorHandler.h(33,21): warning C4267: 'return': conversion from 'size_t' to 'int', possible loss of data (compiling source file ..\Aquifolium\src\Expression.cpp)
C:\Projects\Aquifolium\include\GA\GA.hpp(115,17): warning C4018: '<': signed/unsigned mismatch (compiling source file ..\Aquifolium\src\Command.cpp)
C:\Projects\Aquifolium\include\GA\GA.hpp(105): message : while compiling class template member function 'CGA<System>::CGA(T *)'
C:\Projects\Aquifolium\include\GA\GA.hpp(105): message :         with
C:\Projects\Aquifolium\include\GA\GA.hpp(105): message :         [
C:\Projects\Aquifolium\include\GA\GA.hpp(105): message :             T=System
C:\Projects\Aquifolium\include\GA\GA.hpp(105): message :         ] (compiling source file ..\Aquifolium\src\Command.cpp)
C:\Projects\Aquifolium\src\Command.cpp(322): message : see reference to function template instantiation 'CGA<System>::CGA(T *)' being compiled
C:\Projects\Aquifolium\src\Command.cpp(322): message :         with
C:\Projects\Aquifolium\src\Command.cpp(322): message :         [
C:\Projects\Aquifolium\src\Command.cpp(322): message :             T=System
C:\Projects\Aquifolium\src\Command.cpp(322): message :         ]
C:\Projects\Aquifolium\src\Command.cpp(310): message : see reference to class template instantiation 'CGA<System>' being compiled
C:\Projects\Aquifolium\include\Objective_Function_Set.h(29,1): warning C4267: 'return': conversion from 'size_t' to 'unsigned int', possible loss of data (compiling source file ..\Aquifolium\src\Expression.cpp)
C:\Projects\Aquifolium\include\GA\GA.hpp(597,9): warning C4189: 'l_MaxFitness': local variable is initialized but not referenced (compiling source file ..\Aquifolium\src\Command.cpp)
C:\Projects\Aquifolium\include\GA\GA.hpp(466): message : while compiling class template member function 'int CGA<System>::optimize(void)' (compiling source file ..\Aquifolium\src\Command.cpp)
C:\Projects\Aquifolium\src\Command.cpp(310): message : see reference to function template instantiation 'int CGA<System>::optimize(void)' being compiled
C:\Projects\Aquifolium\include\Parameter_Set.h(29,1): warning C4267: 'return': conversion from 'size_t' to 'unsigned int', possible loss of data (compiling source file ..\Aquifolium\src\Expression.cpp)
C:\Projects\Aquifolium\include\System.h(133,26): warning C4267: 'return': conversion from 'size_t' to 'int', possible loss of data (compiling source file ..\Aquifolium\src\Expression.cpp)
C:\Projects\Aquifolium\include\System.h(134,29): warning C4267: 'return': conversion from 'size_t' to 'int', possible loss of data (compiling source file ..\Aquifolium\src\Expression.cpp)
C:\Projects\Aquifolium\include\System.h(135,26): warning C4267: 'return': conversion from 'size_t' to 'int', possible loss of data (compiling source file ..\Aquifolium\src\Expression.cpp)
C:\Projects\Aquifolium\include\System.h(136,28): warning C4267: 'return': conversion from 'size_t' to 'int', possible loss of data (compiling source file ..\Aquifolium\src\Expression.cpp)
C:\Projects\Aquifolium\include\System.h(194,46): warning C4100: 's': unreferenced formal parameter (compiling source file ..\Aquifolium\src\Expression.cpp)
C:\Projects\Aquifolium\src\Expression.cpp(73,39): warning C4267: 'argument': conversion from 'size_t' to 'int', possible loss of data
C:\Projects\Aquifolium\src\Expression.cpp(84,36): warning C4267: 'argument': conversion from 'size_t' to 'unsigned int', possible loss of data
C:\Projects\Aquifolium\src\Expression.cpp(339,36): warning C4267: 'initializing': conversion from 'size_t' to 'int', possible loss of data
C:\Projects\Aquifolium\src\Expression.cpp(344,36): warning C4267: 'initializing': conversion from 'size_t' to 'int', possible loss of data
C:\Projects\Aquifolium\src\Expression.cpp(350,36): warning C4267: 'initializing': conversion from 'size_t' to 'int', possible loss of data
C:\Projects\Aquifolium\src\Expression.cpp(356,36): warning C4267: 'initializing': conversion from 'size_t' to 'int', possible loss of data
C:\Projects\Aquifolium\src\Expression.cpp(363,36): warning C4267: 'initializing': conversion from 'size_t' to 'int', possible loss of data
C:\Projects\Aquifolium\src\Expression.cpp(371,42): warning C4267: 'initializing': conversion from 'size_t' to 'int', possible loss of data
C:\Projects\Aquifolium\include\GA\GA.hpp(629,6): warning C4189: 'l': local variable is initialized but not referenced (compiling source file ..\Aquifolium\src\Command.cpp)
C:\Projects\Aquifolium\include\GA\GA.hpp(623): message : while compiling class template member function 'double CGA<System>::assignfitnesses(std::vector<double,std::allocator<_Ty>>)'
C:\Projects\Aquifolium\include\GA\GA.hpp(623): message :         with
C:\Projects\Aquifolium\include\GA\GA.hpp(623): message :         [
C:\Projects\Aquifolium\include\GA\GA.hpp(623): message :             _Ty=double
C:\Projects\Aquifolium\include\GA\GA.hpp(623): message :         ] (compiling source file ..\Aquifolium\src\Command.cpp)
C:\Projects\Aquifolium\include\GA\GA.hpp(614): message : see reference to function template instantiation 'double CGA<System>::assignfitnesses(std::vector<double,std::allocator<_Ty>>)' being compiled
C:\Projects\Aquifolium\include\GA\GA.hpp(614): message :         with
C:\Projects\Aquifolium\include\GA\GA.hpp(614): message :         [
C:\Projects\Aquifolium\include\GA\GA.hpp(614): message :             _Ty=double
C:\Projects\Aquifolium\include\GA\GA.hpp(614): message :         ] (compiling source file ..\Aquifolium\src\Command.cpp)
C:\Projects\Aquifolium\include\GA\GA.hpp(105): message : while compiling class template member function 'CGA<System>::CGA(T *)'
C:\Projects\Aquifolium\include\GA\GA.hpp(105): message :         with
C:\Projects\Aquifolium\include\GA\GA.hpp(105): message :         [
C:\Projects\Aquifolium\include\GA\GA.hpp(105): message :             T=System
C:\Projects\Aquifolium\include\GA\GA.hpp(105): message :         ] (compiling source file ..\Aquifolium\src\Command.cpp)
C:\Projects\Aquifolium\src\Command.cpp(322): message : see reference to function template instantiation 'CGA<System>::CGA(T *)' being compiled
C:\Projects\Aquifolium\src\Command.cpp(322): message :         with
C:\Projects\Aquifolium\src\Command.cpp(322): message :         [
C:\Projects\Aquifolium\src\Command.cpp(322): message :             T=System
C:\Projects\Aquifolium\src\Command.cpp(322): message :         ]
C:\Projects\Aquifolium\include\GA\GA.hpp(289,10): warning C4101: 't0': unreferenced local variable (compiling source file ..\Aquifolium\src\Command.cpp)
C:\Projects\Aquifolium\include\GA\GA.hpp(276): message : while compiling class template member function 'void CGA<System>::assignfitnesses(void)' (compiling source file ..\Aquifolium\src\Command.cpp)
C:\Projects\Aquifolium\include\GA\GA.hpp(493): message : see reference to function template instantiation 'void CGA<System>::assignfitnesses(void)' being compiled (compiling source file ..\Aquifolium\src\Command.cpp)
C:\Projects\Aquifolium\include\GA\GA.hpp(289,13): warning C4101: 't1': unreferenced local variable (compiling source file ..\Aquifolium\src\Command.cpp)
C:\Projects\Aquifolium\include\GA\GA.hpp(305,7): warning C4189: 'jj': local variable is initialized but not referenced (compiling source file ..\Aquifolium\src\Command.cpp)
C:\Projects\Aquifolium\src\Expression.cpp(626,33): warning C4267: 'argument': conversion from 'size_t' to 'unsigned int', possible loss of data
C:\Projects\Aquifolium\src\Expression.cpp(633,39): warning C4267: 'argument': conversion from 'size_t' to 'unsigned int', possible loss of data
C:\Projects\Aquifolium\src\Expression.cpp(645,33): warning C4267: 'argument': conversion from 'size_t' to 'unsigned int', possible loss of data
  NormalDist.cpp
C:\Projects\Aquifolium\include\Condition.h(20,30): warning C4267: 'return': conversion from 'size_t' to 'unsigned int', possible loss of data (compiling source file ..\Aquifolium\src\MetaModel.cpp)
C:\Projects\Aquifolium\include\GA\GA.hpp(822,40): warning C4100: 'N': unreferenced formal parameter (compiling source file ..\Aquifolium\src\Command.cpp)
C:\Projects\Aquifolium\include\GA\GA.hpp(823): message : while compiling class template member function 'void CGA<System>::assignfitness_rank(double)' (compiling source file ..\Aquifolium\src\Command.cpp)
C:\Projects\Aquifolium\include\GA\GA.hpp(359): message : see reference to function template instantiation 'void CGA<System>::assignfitness_rank(double)' being compiled (compiling source file ..\Aquifolium\src\Command.cpp)
C:\Projects\Aquifolium\include\GA\GA.hpp(244): message : while compiling class template member function 'void CGA<System>::initialize(void)' (compiling source file ..\Aquifolium\src\Command.cpp)
  Object.cpp
C:\Projects\Aquifolium\include\GA\GA.hpp(483): message : see reference to function template instantiation 'void CGA<System>::initialize(void)' being compiled (compiling source file ..\Aquifolium\src\Command.cpp)
C:\Projects\Aquifolium\include\ErrorHandler.h(33,21): warning C4267: 'return': conversion from 'size_t' to 'int', possible loss of data (compiling source file ..\Aquifolium\src\Link.cpp)
C:\Projects\Aquifolium\include\Condition.h(20,30): warning C4267: 'return': conversion from 'size_t' to 'unsigned int', possible loss of data (compiling source file ..\Aquifolium\src\Object.cpp)
C:\Projects\Aquifolium\include\QuanSet.h(35,30): warning C4267: 'return': conversion from 'size_t' to 'unsigned long', possible loss of data (compiling source file ..\Aquifolium\src\MetaModel.cpp)
C:\Projects\Aquifolium\include\MetaModel.h(15,46): warning C4267: 'return': conversion from 'size_t' to 'unsigned long', possible loss of data (compiling source file ..\Aquifolium\src\MetaModel.cpp)
  Objective_Function.cpp
  Objective_Function_Set.cpp
C:\Projects\Aquifolium\include\MetaModel.h(22,30): warning C4267: 'return': conversion from 'size_t' to 'unsigned long', possible loss of data (compiling source file ..\Aquifolium\src\MetaModel.cpp)
C:\Projects\Aquifolium\src\Command.cpp(532): warning C4715: 'Command::Execute': not all control paths return a value
C:\Projects\Aquifolium\include\QuanSet.h(35,30): warning C4267: 'return': conversion from 'size_t' to 'unsigned long', possible loss of data (compiling source file ..\Aquifolium\src\Object.cpp)
C:\Projects\Aquifolium\include\MetaModel.h(15,46): warning C4267: 'return': conversion from 'size_t' to 'unsigned long', possible loss of data (compiling source file ..\Aquifolium\src\Object.cpp)
C:\Projects\Aquifolium\include\MetaModel.h(22,30): warning C4267: 'return': conversion from 'size_t' to 'unsigned long', possible loss of data (compiling source file ..\Aquifolium\src\Object.cpp)
C:\Projects\Aquifolium\include\Condition.h(20,30): warning C4267: 'return': conversion from 'size_t' to 'unsigned int', possible loss of data (compiling source file ..\Aquifolium\src\Objective_Function.cpp)
C:\Projects\Aquifolium\src\Expression.cpp(395): warning C4715: 'Expression::calc': not all control paths return a value
C:\Projects\Aquifolium\include\QuanSet.h(35,30): warning C4267: 'return': conversion from 'size_t' to 'unsigned long', possible loss of data (compiling source file ..\Aquifolium\src\Objective_Function.cpp)
C:\Projects\Aquifolium\include\MetaModel.h(15,46): warning C4267: 'return': conversion from 'size_t' to 'unsigned long', possible loss of data (compiling source file ..\Aquifolium\src\Objective_Function.cpp)
C:\Projects\Aquifolium\include\MetaModel.h(22,30): warning C4267: 'return': conversion from 'size_t' to 'unsigned long', possible loss of data (compiling source file ..\Aquifolium\src\Objective_Function.cpp)
  Parameter.cpp
  Parameter_Set.cpp
  Precipitation.cpp
C:\Projects\Aquifolium\include\Condition.h(20,30): warning C4267: 'return': conversion from 'size_t' to 'unsigned int', possible loss of data (compiling source file ..\Aquifolium\src\Objective_Function_Set.cpp)
C:\Projects\Aquifolium\include\QuanSet.h(35,30): warning C4267: 'return': conversion from 'size_t' to 'unsigned long', possible loss of data (compiling source file ..\Aquifolium\src\Objective_Function_Set.cpp)
C:\Projects\Aquifolium\include\Condition.h(20,30): warning C4267: 'return': conversion from 'size_t' to 'unsigned int', possible loss of data (compiling source file ..\Aquifolium\src\Parameter_Set.cpp)
C:\Projects\Aquifolium\include\MetaModel.h(15,46): warning C4267: 'return': conversion from 'size_t' to 'unsigned long', possible loss of data (compiling source file ..\Aquifolium\src\Objective_Function_Set.cpp)
C:\Projects\Aquifolium\include\Condition.h(20,30): warning C4267: 'return': conversion from 'size_t' to 'unsigned int', possible loss of data (compiling source file ..\Aquifolium\src\Parameter.cpp)
C:\Projects\Aquifolium\include\MetaModel.h(22,30): warning C4267: 'return': conversion from 'size_t' to 'unsigned long', possible loss of data (compiling source file ..\Aquifolium\src\Objective_Function_Set.cpp)
C:\Projects\Aquifolium\include\QuanSet.h(35,30): warning C4267: 'return': conversion from 'size_t' to 'unsigned long', possible loss of data (compiling source file ..\Aquifolium\src\Parameter_Set.cpp)
C:\Projects\Aquifolium\include\QuanSet.h(35,30): warning C4267: 'return': conversion from 'size_t' to 'unsigned long', possible loss of data (compiling source file ..\Aquifolium\src\Parameter.cpp)
C:\Projects\Aquifolium\include\MetaModel.h(15,46): warning C4267: 'return': conversion from 'size_t' to 'unsigned long', possible loss of data (compiling source file ..\Aquifolium\src\Parameter.cpp)
C:\Projects\Aquifolium\include\MetaModel.h(15,46): warning C4267: 'return': conversion from 'size_t' to 'unsigned long', possible loss of data (compiling source file ..\Aquifolium\src\Parameter_Set.cpp)
C:\Projects\Aquifolium\include\MetaModel.h(22,30): warning C4267: 'return': conversion from 'size_t' to 'unsigned long', possible loss of data (compiling source file ..\Aquifolium\src\Parameter.cpp)
  Quan.cpp
C:\Projects\Aquifolium\include\MetaModel.h(22,30): warning C4267: 'return': conversion from 'size_t' to 'unsigned long', possible loss of data (compiling source file ..\Aquifolium\src\Parameter_Set.cpp)
C:\Projects\Aquifolium\include\Condition.h(20,30): warning C4267: 'return': conversion from 'size_t' to 'unsigned int', possible loss of data (compiling source file ..\Aquifolium\src\Quan.cpp)
C:\Projects\Aquifolium\include\QuanSet.h(35,30): warning C4267: 'return': conversion from 'size_t' to 'unsigned long', possible loss of data (compiling source file ..\Aquifolium\src\Quan.cpp)
C:\Projects\Aquifolium\include\MetaModel.h(15,46): warning C4267: 'return': conversion from 'size_t' to 'unsigned long', possible loss of data (compiling source file ..\Aquifolium\src\Quan.cpp)
C:\Projects\Aquifolium\include\ErrorHandler.h(33,21): warning C4267: 'return': conversion from 'size_t' to 'int', possible loss of data (compiling source file ..\Aquifolium\src\Object.cpp)
C:\Projects\Aquifolium\include\MetaModel.h(22,30): warning C4267: 'return': conversion from 'size_t' to 'unsigned long', possible loss of data (compiling source file ..\Aquifolium\src\Quan.cpp)
C:\Projects\Aquifolium\include\Objective_Function_Set.h(29,1): warning C4267: 'return': conversion from 'size_t' to 'unsigned int', possible loss of data (compiling source file ..\Aquifolium\src\Object.cpp)
C:\Projects\Aquifolium\include\Parameter_Set.h(29,1): warning C4267: 'return': conversion from 'size_t' to 'unsigned int', possible loss of data (compiling source file ..\Aquifolium\src\Object.cpp)
C:\Projects\Aquifolium\include\System.h(133,26): warning C4267: 'return': conversion from 'size_t' to 'int', possible loss of data (compiling source file ..\Aquifolium\src\Object.cpp)
C:\Projects\Aquifolium\include\System.h(134,29): warning C4267: 'return': conversion from 'size_t' to 'int', possible loss of data (compiling source file ..\Aquifolium\src\Object.cpp)
C:\Projects\Aquifolium\include\System.h(135,26): warning C4267: 'return': conversion from 'size_t' to 'int', possible loss of data (compiling source file ..\Aquifolium\src\Object.cpp)
C:\Projects\Aquifolium\include\System.h(136,28): warning C4267: 'return': conversion from 'size_t' to 'int', possible loss of data (compiling source file ..\Aquifolium\src\Object.cpp)
C:\Projects\Aquifolium\include\System.h(194,46): warning C4100: 's': unreferenced formal parameter (compiling source file ..\Aquifolium\src\Object.cpp)
C:\Projects\Aquifolium\include\ErrorHandler.h(33,21): warning C4267: 'return': conversion from 'size_t' to 'int', possible loss of data (compiling source file ..\Aquifolium\src\Objective_Function.cpp)
C:\Projects\Aquifolium\include\Objective_Function_Set.h(29,1): warning C4267: 'return': conversion from 'size_t' to 'unsigned int', possible loss of data (compiling source file ..\Aquifolium\src\Objective_Function.cpp)
C:\Projects\Aquifolium\include\Parameter_Set.h(29,1): warning C4267: 'return': conversion from 'size_t' to 'unsigned int', possible loss of data (compiling source file ..\Aquifolium\src\Objective_Function.cpp)
C:\Projects\Aquifolium\include\System.h(133,26): warning C4267: 'return': conversion from 'size_t' to 'int', possible loss of data (compiling source file ..\Aquifolium\src\Objective_Function.cpp)
C:\Projects\Aquifolium\include\System.h(134,29): warning C4267: 'return': conversion from 'size_t' to 'int', possible loss of data (compiling source file ..\Aquifolium\src\Objective_Function.cpp)
C:\Projects\Aquifolium\include\System.h(135,26): warning C4267: 'return': conversion from 'size_t' to 'int', possible loss of data (compiling source file ..\Aquifolium\src\Objective_Function.cpp)
C:\Projects\Aquifolium\include\System.h(136,28): warning C4267: 'return': conversion from 'size_t' to 'int', possible loss of data (compiling source file ..\Aquifolium\src\Objective_Function.cpp)
C:\Projects\Aquifolium\include\System.h(194,46): warning C4100: 's': unreferenced formal parameter (compiling source file ..\Aquifolium\src\Objective_Function.cpp)
C:\Projects\Aquifolium\include\ErrorHandler.h(33,21): warning C4267: 'return': conversion from 'size_t' to 'int', possible loss of data (compiling source file ..\Aquifolium\src\Objective_Function_Set.cpp)
C:\Projects\Aquifolium\include\Objective_Function_Set.h(29,1): warning C4267: 'return': conversion from 'size_t' to 'unsigned int', possible loss of data (compiling source file ..\Aquifolium\src\Objective_Function_Set.cpp)
C:\Projects\Aquifolium\include\ErrorHandler.h(33,21): warning C4267: 'return': conversion from 'size_t' to 'int', possible loss of data (compiling source file ..\Aquifolium\src\Parameter_Set.cpp)
C:\Projects\Aquifolium\include\Parameter_Set.h(29,1): warning C4267: 'return': conversion from 'size_t' to 'unsigned int', possible loss of data (compiling source file ..\Aquifolium\src\Parameter_Set.cpp)
C:\Projects\Aquifolium\include\ErrorHandler.h(33,21): warning C4267: 'return': conversion from 'size_t' to 'int', possible loss of data (compiling source file ..\Aquifolium\src\Parameter.cpp)
C:\Projects\Aquifolium\include\Objective_Function_Set.h(29,1): warning C4267: 'return': conversion from 'size_t' to 'unsigned int', possible loss of data (compiling source file ..\Aquifolium\src\Parameter.cpp)
C:\Projects\Aquifolium\include\Parameter_Set.h(29,1): warning C4267: 'return': conversion from 'size_t' to 'unsigned int', possible loss of data (compiling source file ..\Aquifolium\src\Parameter.cpp)
C:\Projects\Aquifolium\src\Object.cpp(225): warning C4715: 'Object::GetConnectedBlock': not all control paths return a value
C:\Projects\Aquifolium\include\System.h(133,26): warning C4267: 'return': conversion from 'size_t' to 'int', possible loss of data (compiling source file ..\Aquifolium\src\Parameter.cpp)
C:\Projects\Aquifolium\include\System.h(134,29): warning C4267: 'return': conversion from 'size_t' to 'int', possible loss of data (compiling source file ..\Aquifolium\src\Parameter.cpp)
C:\Projects\Aquifolium\include\System.h(135,26): warning C4267: 'return': conversion from 'size_t' to 'int', possible loss of data (compiling source file ..\Aquifolium\src\Parameter.cpp)
C:\Projects\Aquifolium\include\System.h(136,28): warning C4267: 'return': conversion from 'size_t' to 'int', possible loss of data (compiling source file ..\Aquifolium\src\Parameter.cpp)
C:\Projects\Aquifolium\include\System.h(194,46): warning C4100: 's': unreferenced formal parameter (compiling source file ..\Aquifolium\src\Parameter.cpp)
  QuanSet.cpp
  QuickSort.cpp
C:\Projects\Aquifolium\src\Object.cpp(399): warning C4715: 'Object::SetProperty': not all control paths return a value
  Rule.cpp
C:\Projects\Aquifolium\include\Condition.h(20,30): warning C4267: 'return': conversion from 'size_t' to 'unsigned int', possible loss of data (compiling source file ..\Aquifolium\src\QuanSet.cpp)
C:\Projects\Aquifolium\src\QuickSort.cpp(26,20): warning C4267: 'initializing': conversion from 'size_t' to 'int', possible loss of data
C:\Projects\Aquifolium\src\QuickSort.cpp(54,20): warning C4267: 'initializing': conversion from 'size_t' to 'int', possible loss of data
C:\Projects\Aquifolium\src\QuickSort.cpp(80,20): warning C4267: 'initializing': conversion from 'size_t' to 'int', possible loss of data
C:\Projects\Aquifolium\src\QuickSort.cpp(106,20): warning C4267: 'initializing': conversion from 'size_t' to 'int', possible loss of data
C:\Projects\Aquifolium\src\QuickSort.cpp(130,27): warning C4267: 'initializing': conversion from 'size_t' to 'int', possible loss of data
C:\Projects\Aquifolium\src\QuickSort.cpp(139,27): warning C4267: 'initializing': conversion from 'size_t' to 'int', possible loss of data
C:\Projects\Aquifolium\src\QuickSort.cpp(155,18): warning C4267: 'initializing': conversion from 'size_t' to 'int', possible loss of data
C:\Projects\Aquifolium\src\QuickSort.cpp(186,18): warning C4267: 'initializing': conversion from 'size_t' to 'int', possible loss of data
C:\Projects\Aquifolium\include\Condition.h(20,30): warning C4267: 'return': conversion from 'size_t' to 'unsigned int', possible loss of data (compiling source file ..\Aquifolium\src\Rule.cpp)
C:\Projects\Aquifolium\include\ErrorHandler.h(33,21): warning C4267: 'return': conversion from 'size_t' to 'int', possible loss of data (compiling source file ..\Aquifolium\src\Quan.cpp)
C:\Projects\Aquifolium\include\Objective_Function_Set.h(29,1): warning C4267: 'return': conversion from 'size_t' to 'unsigned int', possible loss of data (compiling source file ..\Aquifolium\src\Quan.cpp)
  Script.cpp
C:\Projects\Aquifolium\include\Parameter_Set.h(29,1): warning C4267: 'return': conversion from 'size_t' to 'unsigned int', possible loss of data (compiling source file ..\Aquifolium\src\Quan.cpp)
C:\Projects\Aquifolium\include\System.h(133,26): warning C4267: 'return': conversion from 'size_t' to 'int', possible loss of data (compiling source file ..\Aquifolium\src\Quan.cpp)
C:\Projects\Aquifolium\include\System.h(134,29): warning C4267: 'return': conversion from 'size_t' to 'int', possible loss of data (compiling source file ..\Aquifolium\src\Quan.cpp)
C:\Projects\Aquifolium\include\System.h(135,26): warning C4267: 'return': conversion from 'size_t' to 'int', possible loss of data (compiling source file ..\Aquifolium\src\Quan.cpp)
C:\Projects\Aquifolium\include\System.h(136,28): warning C4267: 'return': conversion from 'size_t' to 'int', possible loss of data (compiling source file ..\Aquifolium\src\Quan.cpp)
  Source.cpp
C:\Projects\Aquifolium\include\System.h(194,46): warning C4100: 's': unreferenced formal parameter (compiling source file ..\Aquifolium\src\Quan.cpp)
C:\Projects\Aquifolium\include\Condition.h(20,30): warning C4267: 'return': conversion from 'size_t' to 'unsigned int', possible loss of data (compiling source file ..\Aquifolium\src\Source.cpp)
C:\Projects\Aquifolium\include\QuanSet.h(35,30): warning C4267: 'return': conversion from 'size_t' to 'unsigned long', possible loss of data (compiling source file ..\Aquifolium\src\QuanSet.cpp)
C:\Projects\Aquifolium\include\MetaModel.h(15,46): warning C4267: 'return': conversion from 'size_t' to 'unsigned long', possible loss of data (compiling source file ..\Aquifolium\src\QuanSet.cpp)
  System.cpp
C:\Projects\Aquifolium\include\MetaModel.h(22,30): warning C4267: 'return': conversion from 'size_t' to 'unsigned long', possible loss of data (compiling source file ..\Aquifolium\src\QuanSet.cpp)
C:\Projects\Aquifolium\include\Condition.h(20,30): warning C4267: 'return': conversion from 'size_t' to 'unsigned int', possible loss of data (compiling source file ..\Aquifolium\src\System.cpp)
  Vector.cpp
C:\Projects\Aquifolium\include\QuanSet.h(35,30): warning C4267: 'return': conversion from 'size_t' to 'unsigned long', possible loss of data (compiling source file ..\Aquifolium\src\Source.cpp)
C:\Projects\Aquifolium\include\MetaModel.h(15,46): warning C4267: 'return': conversion from 'size_t' to 'unsigned long', possible loss of data (compiling source file ..\Aquifolium\src\Source.cpp)
C:\Projects\Aquifolium\include\MetaModel.h(22,30): warning C4267: 'return': conversion from 'size_t' to 'unsigned long', possible loss of data (compiling source file ..\Aquifolium\src\Source.cpp)
C:\Projects\Aquifolium\include\QuanSet.h(35,30): warning C4267: 'return': conversion from 'size_t' to 'unsigned long', possible loss of data (compiling source file ..\Aquifolium\src\System.cpp)
C:\Projects\Aquifolium\include\MetaModel.h(15,46): warning C4267: 'return': conversion from 'size_t' to 'unsigned long', possible loss of data (compiling source file ..\Aquifolium\src\System.cpp)
C:\Projects\Aquifolium\include\MetaModel.h(22,30): warning C4267: 'return': conversion from 'size_t' to 'unsigned long', possible loss of data (compiling source file ..\Aquifolium\src\System.cpp)
C:\Projects\Aquifolium\src\Vector.cpp(56,16): warning C4267: '=': conversion from 'size_t' to 'int', possible loss of data
C:\Projects\Aquifolium\src\Vector.cpp(70,16): warning C4267: '=': conversion from 'size_t' to 'int', possible loss of data
  Vector_arma.cpp
  delegate.cpp
C:\Projects\Aquifolium\src\Vector.cpp(104,16): warning C4267: '=': conversion from 'size_t' to 'int', possible loss of data
C:\Projects\Aquifolium\src\Vector_arma.cpp(57,16): warning C4267: '=': conversion from 'size_t' to 'int', possible loss of data
C:\Projects\Aquifolium\src\Vector_arma.cpp(77,16): warning C4267: '=': conversion from 'size_t' to 'int', possible loss of data
C:\Projects\Aquifolium\src\Vector_arma.cpp(118,16): warning C4267: '=': conversion from 'size_t' to 'int', possible loss of data
C:\Projects\Aquifolium\include\ErrorHandler.h(33,21): warning C4267: 'return': conversion from 'size_t' to 'int', possible loss of data (compiling source file ..\Aquifolium\src\Script.cpp)
C:\Projects\Aquifolium\include\ErrorHandler.h(33,21): warning C4267: 'return': conversion from 'size_t' to 'int', possible loss of data (compiling source file ..\Aquifolium\src\QuanSet.cpp)
C:\Projects\Aquifolium\include\Objective_Function_Set.h(29,1): warning C4267: 'return': conversion from 'size_t' to 'unsigned int', possible loss of data (compiling source file ..\Aquifolium\src\QuanSet.cpp)
C:\Projects\Aquifolium\include\Parameter_Set.h(29,1): warning C4267: 'return': conversion from 'size_t' to 'unsigned int', possible loss of data (compiling source file ..\Aquifolium\src\QuanSet.cpp)
C:\Projects\Aquifolium\include\System.h(133,26): warning C4267: 'return': conversion from 'size_t' to 'int', possible loss of data (compiling source file ..\Aquifolium\src\QuanSet.cpp)
C:\Projects\Aquifolium\include\System.h(134,29): warning C4267: 'return': conversion from 'size_t' to 'int', possible loss of data (compiling source file ..\Aquifolium\src\QuanSet.cpp)
C:\Projects\Aquifolium\include\System.h(135,26): warning C4267: 'return': conversion from 'size_t' to 'int', possible loss of data (compiling source file ..\Aquifolium\src\QuanSet.cpp)
C:\Projects\Aquifolium\include\System.h(136,28): warning C4267: 'return': conversion from 'size_t' to 'int', possible loss of data (compiling source file ..\Aquifolium\src\QuanSet.cpp)
C:\Projects\Aquifolium\include\System.h(194,46): warning C4100: 's': unreferenced formal parameter (compiling source file ..\Aquifolium\src\QuanSet.cpp)
  diagramview.cpp
C:\Projects\Aquifolium\include\Condition.h(20,30): warning C4267: 'return': conversion from 'size_t' to 'unsigned int', possible loss of data (compiling source file delegate.cpp)
C:\Projects\Aquifolium\include\Condition.h(20,30): warning C4267: 'return': conversion from 'size_t' to 'unsigned int', possible loss of data (compiling source file ..\Aquifolium\src\Script.cpp)
C:\Projects\Aquifolium\include\QuanSet.h(35,30): warning C4267: 'return': conversion from 'size_t' to 'unsigned long', possible loss of data (compiling source file ..\Aquifolium\src\Script.cpp)
C:\Projects\Aquifolium\include\MetaModel.h(15,46): warning C4267: 'return': conversion from 'size_t' to 'unsigned long', possible loss of data (compiling source file ..\Aquifolium\src\Script.cpp)
C:\Projects\Aquifolium\include\MetaModel.h(22,30): warning C4267: 'return': conversion from 'size_t' to 'unsigned long', possible loss of data (compiling source file ..\Aquifolium\src\Script.cpp)
C:\Projects\Aquifolium\include\Script.h(31,29): warning C4267: 'return': conversion from 'size_t' to 'int', possible loss of data (compiling source file ..\Aquifolium\src\Script.cpp)
C:\Projects\Aquifolium\include\ErrorHandler.h(33,21): warning C4267: 'return': conversion from 'size_t' to 'int', possible loss of data (compiling source file ..\Aquifolium\src\Source.cpp)
C:\Projects\Aquifolium\include\Objective_Function_Set.h(29,1): warning C4267: 'return': conversion from 'size_t' to 'unsigned int', possible loss of data (compiling source file ..\Aquifolium\src\Script.cpp)
C:\Projects\Aquifolium\include\Parameter_Set.h(29,1): warning C4267: 'return': conversion from 'size_t' to 'unsigned int', possible loss of data (compiling source file ..\Aquifolium\src\Script.cpp)
C:\Projects\Aquifolium\include\System.h(133,26): warning C4267: 'return': conversion from 'size_t' to 'int', possible loss of data (compiling source file ..\Aquifolium\src\Script.cpp)
C:\Projects\Aquifolium\include\System.h(134,29): warning C4267: 'return': conversion from 'size_t' to 'int', possible loss of data (compiling source file ..\Aquifolium\src\Script.cpp)
C:\Projects\Aquifolium\include\System.h(135,26): warning C4267: 'return': conversion from 'size_t' to 'int', possible loss of data (compiling source file ..\Aquifolium\src\Script.cpp)
C:\Projects\Aquifolium\include\System.h(136,28): warning C4267: 'return': conversion from 'size_t' to 'int', possible loss of data (compiling source file ..\Aquifolium\src\Script.cpp)
C:\Projects\Aquifolium\include\System.h(194,46): warning C4100: 's': unreferenced formal parameter (compiling source file ..\Aquifolium\src\Script.cpp)
C:\Projects\Aquifolium\include\QuanSet.h(35,30): warning C4267: 'return': conversion from 'size_t' to 'unsigned long', possible loss of data (compiling source file delegate.cpp)
C:\Projects\Aquifolium\include\MetaModel.h(15,46): warning C4267: 'return': conversion from 'size_t' to 'unsigned long', possible loss of data (compiling source file delegate.cpp)
C:\Projects\Aquifolium\include\MetaModel.h(22,30): warning C4267: 'return': conversion from 'size_t' to 'unsigned long', possible loss of data (compiling source file delegate.cpp)
C:\Projects\Aquifolium\include\Condition.h(20,30): warning C4267: 'return': conversion from 'size_t' to 'unsigned int', possible loss of data (compiling source file diagramview.cpp)
C:\Projects\Aquifolium\include\ErrorHandler.h(33,21): warning C4267: 'return': conversion from 'size_t' to 'int', possible loss of data (compiling source file ..\Aquifolium\src\System.cpp)
C:\Projects\Aquifolium\include\Objective_Function_Set.h(29,1): warning C4267: 'return': conversion from 'size_t' to 'unsigned int', possible loss of data (compiling source file ..\Aquifolium\src\System.cpp)
C:\Projects\Aquifolium\include\Parameter_Set.h(29,1): warning C4267: 'return': conversion from 'size_t' to 'unsigned int', possible loss of data (compiling source file ..\Aquifolium\src\System.cpp)
C:\Projects\Aquifolium\include\System.h(133,26): warning C4267: 'return': conversion from 'size_t' to 'int', possible loss of data (compiling source file ..\Aquifolium\src\System.cpp)
C:\Projects\Aquifolium\include\System.h(134,29): warning C4267: 'return': conversion from 'size_t' to 'int', possible loss of data (compiling source file ..\Aquifolium\src\System.cpp)
C:\Projects\Aquifolium\include\System.h(135,26): warning C4267: 'return': conversion from 'size_t' to 'int', possible loss of data (compiling source file ..\Aquifolium\src\System.cpp)
C:\Projects\Aquifolium\include\System.h(136,28): warning C4267: 'return': conversion from 'size_t' to 'int', possible loss of data (compiling source file ..\Aquifolium\src\System.cpp)
C:\Projects\Aquifolium\include\System.h(194,46): warning C4100: 's': unreferenced formal parameter (compiling source file ..\Aquifolium\src\System.cpp)
C:\Projects\Aquifolium\src\System.cpp(3,17): warning C4193: #pragma warning(pop): no matching '#pragma warning(push)'
C:\Projects\Aquifolium\include\Script.h(31,29): warning C4267: 'return': conversion from 'size_t' to 'int', possible loss of data (compiling source file ..\Aquifolium\src\System.cpp)
C:\Projects\Aquifolium\src\System.cpp(142,69): warning C4267: 'argument': conversion from 'size_t' to 'int', possible loss of data
C:\Projects\Aquifolium\src\System.cpp(143,79): warning C4267: 'argument': conversion from 'size_t' to 'int', possible loss of data
C:\Projects\Aquifolium\include\QuanSet.h(35,30): warning C4267: 'return': conversion from 'size_t' to 'unsigned long', possible loss of data (compiling source file diagramview.cpp)
C:\Projects\Aquifolium\include\MetaModel.h(15,46): warning C4267: 'return': conversion from 'size_t' to 'unsigned long', possible loss of data (compiling source file diagramview.cpp)
C:\Projects\Aquifolium\include\MetaModel.h(22,30): warning C4267: 'return': conversion from 'size_t' to 'unsigned long', possible loss of data (compiling source file diagramview.cpp)
C:\Projects\Aquifolium\src\System.cpp(893,34): warning C4267: 'argument': conversion from 'size_t' to 'int', possible loss of data
C:\Projects\Aquifolium\src\System.cpp(901,34): warning C4267: 'argument': conversion from 'size_t' to 'int', possible loss of data
C:\Projects\Aquifolium\src\System.cpp(948,34): warning C4267: 'argument': conversion from 'size_t' to 'int', possible loss of data
C:\Projects\Aquifolium\src\System.cpp(1182,53): warning C4267: 'argument': conversion from 'size_t' to 'unsigned int', possible loss of data
C:\Projects\Aquifolium\src\QuanSet.cpp(136): warning C4715: 'QuanSet::operator[]': not all control paths return a value
C:\Projects\Aquifolium\src\QuanSet.cpp(146): warning C4715: 'QuanSet::GetVar': not all control paths return a value
  edge.cpp
  json_reader.cpp
  json_value.cpp
C:\Projects\Aquifolium\src\QuanSet.cpp(113): warning C4715: 'QuanSet::Append': not all control paths return a value
C:\Projects\Aquifolium\include\ErrorHandler.h(33,21): warning C4267: 'return': conversion from 'size_t' to 'int', possible loss of data (compiling source file delegate.cpp)
C:\Projects\Aquifolium\include\Condition.h(20,30): warning C4267: 'return': conversion from 'size_t' to 'unsigned int', possible loss of data (compiling source file edge.cpp)
C:\Projects\Aquifolium\include\Objective_Function_Set.h(29,1): warning C4267: 'return': conversion from 'size_t' to 'unsigned int', possible loss of data (compiling source file delegate.cpp)
C:\Projects\Aquifolium\include\Parameter_Set.h(29,1): warning C4267: 'return': conversion from 'size_t' to 'unsigned int', possible loss of data (compiling source file delegate.cpp)
C:\Projects\Aquifolium\include\System.h(133,26): warning C4267: 'return': conversion from 'size_t' to 'int', possible loss of data (compiling source file delegate.cpp)
C:\Projects\Aquifolium\include\System.h(134,29): warning C4267: 'return': conversion from 'size_t' to 'int', possible loss of data (compiling source file delegate.cpp)
C:\Projects\Aquifolium\include\System.h(135,26): warning C4267: 'return': conversion from 'size_t' to 'int', possible loss of data (compiling source file delegate.cpp)
C:\Projects\Aquifolium\include\System.h(136,28): warning C4267: 'return': conversion from 'size_t' to 'int', possible loss of data (compiling source file delegate.cpp)
C:\Projects\Aquifolium\include\System.h(194,46): warning C4100: 's': unreferenced formal parameter (compiling source file delegate.cpp)
C:\Projects\QAquifolium\propmodel.h(24,1): warning C4267: 'return': conversion from 'size_t' to 'int', possible loss of data (compiling source file delegate.cpp)
C:\Projects\QAquifolium\propmodel.h(22,34): warning C4100: 'index': unreferenced formal parameter (compiling source file delegate.cpp)
  json_writer.cpp
C:\Projects\QAquifolium\delegate.cpp(286,86): warning C4805: '!=': unsafe mix of type 'bool' and type 'Qt::CheckState' in operation
C:\Projects\Aquifolium\include\QuanSet.h(35,30): warning C4267: 'return': conversion from 'size_t' to 'unsigned long', possible loss of data (compiling source file edge.cpp)
C:\Projects\Aquifolium\include\MetaModel.h(15,46): warning C4267: 'return': conversion from 'size_t' to 'unsigned long', possible loss of data (compiling source file edge.cpp)
  expEditor.cpp
C:\Projects\Aquifolium\include\MetaModel.h(22,30): warning C4267: 'return': conversion from 'size_t' to 'unsigned long', possible loss of data (compiling source file edge.cpp)
C:\Projects\Aquifolium\src\System.cpp(1521): warning C4715: 'System::QGetAllObjectsofTypeCategory': not all control paths return a value
C:\Projects\Aquifolium\src\System.cpp(1278): warning C4715: 'System::SetAsParameter': not all control paths return a value
  expressioneditor.cpp
C:\Projects\Aquifolium\include\ErrorHandler.h(33,21): warning C4267: 'return': conversion from 'size_t' to 'int', possible loss of data (compiling source file diagramview.cpp)
C:\Projects\Aquifolium\include\Objective_Function_Set.h(29,1): warning C4267: 'return': conversion from 'size_t' to 'unsigned int', possible loss of data (compiling source file diagramview.cpp)
C:\Projects\Aquifolium\include\Parameter_Set.h(29,1): warning C4267: 'return': conversion from 'size_t' to 'unsigned int', possible loss of data (compiling source file diagramview.cpp)
C:\Projects\Aquifolium\include\System.h(133,26): warning C4267: 'return': conversion from 'size_t' to 'int', possible loss of data (compiling source file diagramview.cpp)
C:\Projects\Aquifolium\include\System.h(134,29): warning C4267: 'return': conversion from 'size_t' to 'int', possible loss of data (compiling source file diagramview.cpp)
C:\Projects\Aquifolium\include\System.h(135,26): warning C4267: 'return': conversion from 'size_t' to 'int', possible loss of data (compiling source file diagramview.cpp)
C:\Projects\Aquifolium\include\System.h(136,28): warning C4267: 'return': conversion from 'size_t' to 'int', possible loss of data (compiling source file diagramview.cpp)
C:\Projects\Aquifolium\src\System.cpp(1439): warning C4715: 'System::Echo': not all control paths return a value
C:\Projects\Aquifolium\include\System.h(194,46): warning C4100: 's': unreferenced formal parameter (compiling source file diagramview.cpp)
C:\Projects\QAquifolium\propmodel.h(24,1): warning C4267: 'return': conversion from 'size_t' to 'int', possible loss of data (compiling source file diagramview.cpp)
C:\Projects\QAquifolium\propmodel.h(22,34): warning C4100: 'index': unreferenced formal parameter (compiling source file diagramview.cpp)
  logwindow.cpp
C:\Projects\QAquifolium\diagramview.cpp(104,26): warning C4189: 'selectedAction': local variable is initialized but not referenced
C:\Projects\QAquifolium\diagramview.cpp(548,42): warning C4100: 'i': unreferenced formal parameter
  main.cpp
C:\Projects\QAquifolium\diagramview.cpp(707,14): warning C4189: 'markAction': local variable is initialized but not referenced
C:\Projects\Aquifolium\include\Condition.h(20,30): warning C4267: 'return': conversion from 'size_t' to 'unsigned int', possible loss of data (compiling source file expEditor.cpp)
C:\Projects\Aquifolium\include\Condition.h(20,30): warning C4267: 'return': conversion from 'size_t' to 'unsigned int', possible loss of data (compiling source file expressioneditor.cpp)
C:\Projects\Aquifolium\include\QuanSet.h(35,30): warning C4267: 'return': conversion from 'size_t' to 'unsigned long', possible loss of data (compiling source file expEditor.cpp)
C:\Projects\Aquifolium\include\MetaModel.h(15,46): warning C4267: 'return': conversion from 'size_t' to 'unsigned long', possible loss of data (compiling source file expEditor.cpp)
C:\Projects\Aquifolium\include\MetaModel.h(22,30): warning C4267: 'return': conversion from 'size_t' to 'unsigned long', possible loss of data (compiling source file expEditor.cpp)
  mainwindow.cpp
C:\Projects\Aquifolium\include\Condition.h(20,30): warning C4267: 'return': conversion from 'size_t' to 'unsigned int', possible loss of data (compiling source file main.cpp)
C:\Projects\Aquifolium\include\QuanSet.h(35,30): warning C4267: 'return': conversion from 'size_t' to 'unsigned long', possible loss of data (compiling source file expressioneditor.cpp)
C:\Projects\Aquifolium\include\MetaModel.h(15,46): warning C4267: 'return': conversion from 'size_t' to 'unsigned long', possible loss of data (compiling source file expressioneditor.cpp)
C:\Projects\Aquifolium\include\MetaModel.h(22,30): warning C4267: 'return': conversion from 'size_t' to 'unsigned long', possible loss of data (compiling source file expressioneditor.cpp)
C:\Projects\Aquifolium\include\ErrorHandler.h(33,21): warning C4267: 'return': conversion from 'size_t' to 'int', possible loss of data (compiling source file edge.cpp)
C:\Projects\Aquifolium\include\Objective_Function_Set.h(29,1): warning C4267: 'return': conversion from 'size_t' to 'unsigned int', possible loss of data (compiling source file edge.cpp)
C:\Projects\Aquifolium\include\Parameter_Set.h(29,1): warning C4267: 'return': conversion from 'size_t' to 'unsigned int', possible loss of data (compiling source file edge.cpp)
C:\Projects\Aquifolium\include\System.h(133,26): warning C4267: 'return': conversion from 'size_t' to 'int', possible loss of data (compiling source file edge.cpp)
C:\Projects\Aquifolium\include\System.h(134,29): warning C4267: 'return': conversion from 'size_t' to 'int', possible loss of data (compiling source file edge.cpp)
C:\Projects\Aquifolium\include\System.h(135,26): warning C4267: 'return': conversion from 'size_t' to 'int', possible loss of data (compiling source file edge.cpp)
C:\Projects\Aquifolium\include\System.h(136,28): warning C4267: 'return': conversion from 'size_t' to 'int', possible loss of data (compiling source file edge.cpp)
C:\Projects\Aquifolium\include\System.h(194,46): warning C4100: 's': unreferenced formal parameter (compiling source file edge.cpp)
C:\Projects\QAquifolium\propmodel.h(24,1): warning C4267: 'return': conversion from 'size_t' to 'int', possible loss of data (compiling source file edge.cpp)
C:\Projects\QAquifolium\propmodel.h(22,34): warning C4100: 'index': unreferenced formal parameter (compiling source file edge.cpp)
C:\Projects\QAquifolium\edge.cpp(123,11): warning C4189: 'length': local variable is initialized but not referenced
C:\Projects\Aquifolium\include\QuanSet.h(35,30): warning C4267: 'return': conversion from 'size_t' to 'unsigned long', possible loss of data (compiling source file main.cpp)
C:\Projects\QAquifolium\edge.cpp(248,54): warning C4100: 'event': unreferenced formal parameter
C:\Projects\Aquifolium\include\MetaModel.h(15,46): warning C4267: 'return': conversion from 'size_t' to 'unsigned long', possible loss of data (compiling source file main.cpp)
C:\Projects\Aquifolium\include\MetaModel.h(22,30): warning C4267: 'return': conversion from 'size_t' to 'unsigned long', possible loss of data (compiling source file main.cpp)
  node.cpp
C:\Projects\Aquifolium\include\Condition.h(20,30): warning C4267: 'return': conversion from 'size_t' to 'unsigned int', possible loss of data (compiling source file mainwindow.cpp)
C:\Projects\Aquifolium\include\QuanSet.h(35,30): warning C4267: 'return': conversion from 'size_t' to 'unsigned long', possible loss of data (compiling source file mainwindow.cpp)
C:\Projects\Aquifolium\include\MetaModel.h(15,46): warning C4267: 'return': conversion from 'size_t' to 'unsigned long', possible loss of data (compiling source file mainwindow.cpp)
C:\Projects\Aquifolium\include\MetaModel.h(22,30): warning C4267: 'return': conversion from 'size_t' to 'unsigned long', possible loss of data (compiling source file mainwindow.cpp)
C:\Projects\Aquifolium\include\Condition.h(20,30): warning C4267: 'return': conversion from 'size_t' to 'unsigned int', possible loss of data (compiling source file node.cpp)
  plotter.cpp
C:\Projects\Aquifolium\include\ErrorHandler.h(33,21): warning C4267: 'return': conversion from 'size_t' to 'int', possible loss of data (compiling source file expEditor.cpp)
C:\Projects\Aquifolium\include\QuanSet.h(35,30): warning C4267: 'return': conversion from 'size_t' to 'unsigned long', possible loss of data (compiling source file node.cpp)
C:\Projects\Aquifolium\include\MetaModel.h(15,46): warning C4267: 'return': conversion from 'size_t' to 'unsigned long', possible loss of data (compiling source file node.cpp)
C:\Projects\Aquifolium\include\ErrorHandler.h(33,21): warning C4267: 'return': conversion from 'size_t' to 'int', possible loss of data (compiling source file expressioneditor.cpp)
C:\Projects\Aquifolium\include\MetaModel.h(22,30): warning C4267: 'return': conversion from 'size_t' to 'unsigned long', possible loss of data (compiling source file node.cpp)
C:\Projects\Aquifolium\include\ErrorHandler.h(33,21): warning C4267: 'return': conversion from 'size_t' to 'int', possible loss of data (compiling source file main.cpp)
C:\Projects\Aquifolium\include\Objective_Function_Set.h(29,1): warning C4267: 'return': conversion from 'size_t' to 'unsigned int', possible loss of data (compiling source file main.cpp)
C:\Projects\Aquifolium\include\Parameter_Set.h(29,1): warning C4267: 'return': conversion from 'size_t' to 'unsigned int', possible loss of data (compiling source file main.cpp)
C:\Projects\Aquifolium\include\System.h(133,26): warning C4267: 'return': conversion from 'size_t' to 'int', possible loss of data (compiling source file main.cpp)
C:\Projects\Aquifolium\include\System.h(134,29): warning C4267: 'return': conversion from 'size_t' to 'int', possible loss of data (compiling source file main.cpp)
C:\Projects\Aquifolium\include\System.h(135,26): warning C4267: 'return': conversion from 'size_t' to 'int', possible loss of data (compiling source file main.cpp)
C:\Projects\Aquifolium\include\System.h(136,28): warning C4267: 'return': conversion from 'size_t' to 'int', possible loss of data (compiling source file main.cpp)
C:\Projects\Aquifolium\include\System.h(194,46): warning C4100: 's': unreferenced formal parameter (compiling source file main.cpp)
C:\Projects\QAquifolium\propmodel.h(24,1): warning C4267: 'return': conversion from 'size_t' to 'int', possible loss of data (compiling source file main.cpp)
  propmodel.cpp
C:\Projects\QAquifolium\propmodel.h(22,34): warning C4100: 'index': unreferenced formal parameter (compiling source file main.cpp)
C:\Projects\Aquifolium\include\ErrorHandler.h(33,21): warning C4267: 'return': conversion from 'size_t' to 'int', possible loss of data (compiling source file mainwindow.cpp)
C:\Projects\Aquifolium\include\Objective_Function_Set.h(29,1): warning C4267: 'return': conversion from 'size_t' to 'unsigned int', possible loss of data (compiling source file mainwindow.cpp)
C:\Projects\Aquifolium\include\Parameter_Set.h(29,1): warning C4267: 'return': conversion from 'size_t' to 'unsigned int', possible loss of data (compiling source file mainwindow.cpp)
C:\Projects\Aquifolium\include\System.h(133,26): warning C4267: 'return': conversion from 'size_t' to 'int', possible loss of data (compiling source file mainwindow.cpp)
C:\Projects\Aquifolium\include\System.h(134,29): warning C4267: 'return': conversion from 'size_t' to 'int', possible loss of data (compiling source file mainwindow.cpp)
C:\Projects\Aquifolium\include\System.h(135,26): warning C4267: 'return': conversion from 'size_t' to 'int', possible loss of data (compiling source file mainwindow.cpp)
C:\Projects\Aquifolium\include\System.h(136,28): warning C4267: 'return': conversion from 'size_t' to 'int', possible loss of data (compiling source file mainwindow.cpp)
C:\Projects\Aquifolium\include\System.h(194,46): warning C4100: 's': unreferenced formal parameter (compiling source file mainwindow.cpp)
C:\Projects\QAquifolium\propmodel.h(24,1): warning C4267: 'return': conversion from 'size_t' to 'int', possible loss of data (compiling source file mainwindow.cpp)
C:\Projects\QAquifolium\propmodel.h(22,34): warning C4100: 'index': unreferenced formal parameter (compiling source file mainwindow.cpp)
C:\Projects\Aquifolium\include\Script.h(31,29): warning C4267: 'return': conversion from 'size_t' to 'int', possible loss of data (compiling source file mainwindow.cpp)
C:\Projects\QAquifolium\mainwindow.cpp(86,5): warning C4551: function call missing argument list
C:\Projects\QAquifolium\mainwindow.cpp(106,29): warning C4018: '<': signed/unsigned mismatch
C:\Projects\QAquifolium\mainwindow.cpp(98,13): warning C4189: 'code': local variable is initialized but not referenced
C:\Projects\QAquifolium\mainwindow.cpp(118,13): warning C4189: 'code': local variable is initialized but not referenced
  qcustomplot.cpp
C:\Projects\QAquifolium\mainwindow.cpp(236,32): warning C4018: '<': signed/unsigned mismatch
C:\Projects\QAquifolium\mainwindow.cpp(503,20): warning C4018: '<': signed/unsigned mismatch
C:\Projects\QAquifolium\mainwindow.cpp(862,29): warning C4018: '<': signed/unsigned mismatch
C:\Projects\QAquifolium\mainwindow.cpp(912,5): warning C4551: function call missing argument list
C:\Projects\Aquifolium\include\Condition.h(20,30): warning C4267: 'return': conversion from 'size_t' to 'unsigned int', possible loss of data (compiling source file propmodel.cpp)
C:\Projects\Aquifolium\include\GA\GA.hpp(115,17): warning C4018: '<': signed/unsigned mismatch (compiling source file mainwindow.cpp)
C:\Projects\Aquifolium\include\GA\GA.hpp(105): message : while compiling class template member function 'CGA<System>::CGA(T *)'
C:\Projects\Aquifolium\include\GA\GA.hpp(105): message :         with
C:\Projects\Aquifolium\include\GA\GA.hpp(105): message :         [
C:\Projects\Aquifolium\include\GA\GA.hpp(105): message :             T=System
C:\Projects\Aquifolium\include\GA\GA.hpp(105): message :         ] (compiling source file mainwindow.cpp)
C:\Projects\QAquifolium\mainwindow.cpp(925): message : see reference to function template instantiation 'CGA<System>::CGA(T *)' being compiled
C:\Projects\QAquifolium\mainwindow.cpp(925): message :         with
C:\Projects\QAquifolium\mainwindow.cpp(925): message :         [
C:\Projects\QAquifolium\mainwindow.cpp(925): message :             T=System
C:\Projects\QAquifolium\mainwindow.cpp(925): message :         ]
C:\Projects\QAquifolium\mainwindow.cpp(925): message : see reference to class template instantiation 'CGA<System>' being compiled
C:\Projects\Aquifolium\include\GA\GA.hpp(597,9): warning C4189: 'l_MaxFitness': local variable is initialized but not referenced (compiling source file mainwindow.cpp)
C:\Projects\Aquifolium\include\GA\GA.hpp(466): message : while compiling class template member function 'int CGA<System>::optimize(void)' (compiling source file mainwindow.cpp)
C:\Projects\QAquifolium\mainwindow.cpp(935): message : see reference to function template instantiation 'int CGA<System>::optimize(void)' being compiled
  ray.cpp
C:\Projects\Aquifolium\include\ErrorHandler.h(33,21): warning C4267: 'return': conversion from 'size_t' to 'int', possible loss of data (compiling source file node.cpp)
C:\Projects\Aquifolium\include\Objective_Function_Set.h(29,1): warning C4267: 'return': conversion from 'size_t' to 'unsigned int', possible loss of data (compiling source file node.cpp)
C:\Projects\Aquifolium\include\Parameter_Set.h(29,1): warning C4267: 'return': conversion from 'size_t' to 'unsigned int', possible loss of data (compiling source file node.cpp)
C:\Projects\Aquifolium\include\System.h(133,26): warning C4267: 'return': conversion from 'size_t' to 'int', possible loss of data (compiling source file node.cpp)
C:\Projects\Aquifolium\include\System.h(134,29): warning C4267: 'return': conversion from 'size_t' to 'int', possible loss of data (compiling source file node.cpp)
C:\Projects\Aquifolium\include\System.h(135,26): warning C4267: 'return': conversion from 'size_t' to 'int', possible loss of data (compiling source file node.cpp)
C:\Projects\Aquifolium\include\System.h(136,28): warning C4267: 'return': conversion from 'size_t' to 'int', possible loss of data (compiling source file node.cpp)
C:\Projects\Aquifolium\include\System.h(194,46): warning C4100: 's': unreferenced formal parameter (compiling source file node.cpp)
C:\Projects\QAquifolium\propmodel.h(24,1): warning C4267: 'return': conversion from 'size_t' to 'int', possible loss of data (compiling source file node.cpp)
C:\Projects\QAquifolium\propmodel.h(22,34): warning C4100: 'index': unreferenced formal parameter (compiling source file node.cpp)
C:\Projects\Aquifolium\include\QuanSet.h(35,30): warning C4267: 'return': conversion from 'size_t' to 'unsigned long', possible loss of data (compiling source file propmodel.cpp)
C:\Projects\QAquifolium\propmodel.h(24,1): warning C4267: 'return': conversion from 'size_t' to 'int', possible loss of data (compiling source file propmodel.cpp)
C:\Projects\QAquifolium\propmodel.h(22,34): warning C4100: 'index': unreferenced formal parameter (compiling source file propmodel.cpp)
C:\Projects\QAquifolium\node.cpp(49,86): warning C4100: 'widget': unreferenced formal parameter
C:\Projects\QAquifolium\node.cpp(49,69): warning C4100: 'option': unreferenced formal parameter
C:\Projects\QAquifolium\node.cpp(94,54): warning C4100: 'event': unreferenced formal parameter
C:\Projects\Aquifolium\include\GA\GA.hpp(629,6): warning C4189: 'l': local variable is initialized but not referenced (compiling source file mainwindow.cpp)
C:\Projects\Aquifolium\include\GA\GA.hpp(623): message : while compiling class template member function 'double CGA<System>::assignfitnesses(std::vector<double,std::allocator<_Ty>>)'
C:\Projects\Aquifolium\include\GA\GA.hpp(623): message :         with
C:\Projects\Aquifolium\include\GA\GA.hpp(623): message :         [
C:\Projects\Aquifolium\include\GA\GA.hpp(623): message :             _Ty=double
C:\Projects\Aquifolium\include\GA\GA.hpp(623): message :         ] (compiling source file mainwindow.cpp)
C:\Projects\Aquifolium\include\GA\GA.hpp(614): message : see reference to function template instantiation 'double CGA<System>::assignfitnesses(std::vector<double,std::allocator<_Ty>>)' being compiled
C:\Projects\Aquifolium\include\GA\GA.hpp(614): message :         with
C:\Projects\Aquifolium\include\GA\GA.hpp(614): message :         [
C:\Projects\Aquifolium\include\GA\GA.hpp(614): message :             _Ty=double
C:\Projects\Aquifolium\include\GA\GA.hpp(614): message :         ] (compiling source file mainwindow.cpp)
C:\Projects\Aquifolium\include\GA\GA.hpp(105): message : while compiling class template member function 'CGA<System>::CGA(T *)'
C:\Projects\Aquifolium\include\GA\GA.hpp(105): message :         with
C:\Projects\Aquifolium\include\GA\GA.hpp(105): message :         [
C:\Projects\Aquifolium\include\GA\GA.hpp(105): message :             T=System
C:\Projects\Aquifolium\include\GA\GA.hpp(105): message :         ] (compiling source file mainwindow.cpp)
C:\Projects\QAquifolium\mainwindow.cpp(925): message : see reference to function template instantiation 'CGA<System>::CGA(T *)' being compiled
C:\Projects\QAquifolium\mainwindow.cpp(925): message :         with
C:\Projects\QAquifolium\mainwindow.cpp(925): message :         [
C:\Projects\QAquifolium\mainwindow.cpp(925): message :             T=System
C:\Projects\QAquifolium\mainwindow.cpp(925): message :         ]
C:\Projects\Aquifolium\include\GA\GA.hpp(289,10): warning C4101: 't0': unreferenced local variable (compiling source file mainwindow.cpp)
C:\Projects\Aquifolium\include\GA\GA.hpp(276): message : while compiling class template member function 'void CGA<System>::assignfitnesses(void)' (compiling source file mainwindow.cpp)
C:\Projects\Aquifolium\include\GA\GA.hpp(493): message : see reference to function template instantiation 'void CGA<System>::assignfitnesses(void)' being compiled (compiling source file mainwindow.cpp)
C:\Projects\Aquifolium\include\GA\GA.hpp(289,13): warning C4101: 't1': unreferenced local variable (compiling source file mainwindow.cpp)
C:\Projects\Aquifolium\include\GA\GA.hpp(305,7): warning C4189: 'jj': local variable is initialized but not referenced (compiling source file mainwindow.cpp)
C:\Projects\Aquifolium\include\MetaModel.h(15,46): warning C4267: 'return': conversion from 'size_t' to 'unsigned long', possible loss of data (compiling source file propmodel.cpp)
C:\Projects\Aquifolium\include\MetaModel.h(22,30): warning C4267: 'return': conversion from 'size_t' to 'unsigned long', possible loss of data (compiling source file propmodel.cpp)
C:\Projects\Aquifolium\include\GA\GA.hpp(822,40): warning C4100: 'N': unreferenced formal parameter (compiling source file mainwindow.cpp)
C:\Projects\Aquifolium\include\GA\GA.hpp(823): message : while compiling class template member function 'void CGA<System>::assignfitness_rank(double)' (compiling source file mainwindow.cpp)
C:\Projects\Aquifolium\include\GA\GA.hpp(359): message : see reference to function template instantiation 'void CGA<System>::assignfitness_rank(double)' being compiled (compiling source file mainwindow.cpp)
C:\Projects\Aquifolium\include\GA\GA.hpp(244): message : while compiling class template member function 'void CGA<System>::initialize(void)' (compiling source file mainwindow.cpp)
C:\Projects\Aquifolium\include\GA\GA.hpp(483): message : see reference to function template instantiation 'void CGA<System>::initialize(void)' being compiled (compiling source file mainwindow.cpp)
C:\Projects\QAquifolium\ray.cpp(24,11): warning C4189: 'length': local variable is initialized but not referenced
  runtimewindow.cpp
C:\Projects\QAquifolium\ray.cpp(62,11): warning C4189: 'length': local variable is initialized but not referenced
C:\Projects\Aquifolium\include\Condition.h(20,30): warning C4267: 'return': conversion from 'size_t' to 'unsigned int', possible loss of data (compiling source file plotter.cpp)
C:\Projects\Aquifolium\include\QuanSet.h(35,30): warning C4267: 'return': conversion from 'size_t' to 'unsigned long', possible loss of data (compiling source file plotter.cpp)
C:\Projects\Aquifolium\include\MetaModel.h(15,46): warning C4267: 'return': conversion from 'size_t' to 'unsigned long', possible loss of data (compiling source file plotter.cpp)
C:\Projects\Aquifolium\include\MetaModel.h(22,30): warning C4267: 'return': conversion from 'size_t' to 'unsigned long', possible loss of data (compiling source file plotter.cpp)
C:\Projects\Aquifolium\include\ErrorHandler.h(33,21): warning C4267: 'return': conversion from 'size_t' to 'int', possible loss of data (compiling source file plotter.cpp)
C:\Projects\Aquifolium\include\Objective_Function_Set.h(29,1): warning C4267: 'return': conversion from 'size_t' to 'unsigned int', possible loss of data (compiling source file plotter.cpp)
C:\Projects\Aquifolium\include\Parameter_Set.h(29,1): warning C4267: 'return': conversion from 'size_t' to 'unsigned int', possible loss of data (compiling source file plotter.cpp)
C:\Projects\Aquifolium\include\System.h(133,26): warning C4267: 'return': conversion from 'size_t' to 'int', possible loss of data (compiling source file plotter.cpp)
C:\Projects\Aquifolium\include\System.h(134,29): warning C4267: 'return': conversion from 'size_t' to 'int', possible loss of data (compiling source file plotter.cpp)
C:\Projects\Aquifolium\include\System.h(135,26): warning C4267: 'return': conversion from 'size_t' to 'int', possible loss of data (compiling source file plotter.cpp)
C:\Projects\Aquifolium\include\System.h(136,28): warning C4267: 'return': conversion from 'size_t' to 'int', possible loss of data (compiling source file plotter.cpp)
C:\Projects\Aquifolium\include\System.h(194,46): warning C4100: 's': unreferenced formal parameter (compiling source file plotter.cpp)
C:\Projects\QAquifolium\propmodel.h(24,1): warning C4267: 'return': conversion from 'size_t' to 'int', possible loss of data (compiling source file plotter.cpp)
C:\Projects\QAquifolium\propmodel.h(22,34): warning C4100: 'index': unreferenced formal parameter (compiling source file plotter.cpp)
C:\Projects\QAquifolium\plotter.cpp(155,16): warning C4189: 'xAxis': local variable is initialized but not referenced
  utilityfuncs.cpp
C:\Projects\QAquifolium\plotter.cpp(459,14): warning C4189: 'xAxis': local variable is initialized but not referenced
C:\Projects\Aquifolium\include\ErrorHandler.h(33,21): warning C4267: 'return': conversion from 'size_t' to 'int', possible loss of data (compiling source file propmodel.cpp)
C:\Projects\Aquifolium\include\Objective_Function_Set.h(29,1): warning C4267: 'return': conversion from 'size_t' to 'unsigned int', possible loss of data (compiling source file propmodel.cpp)
C:\Projects\Aquifolium\include\Parameter_Set.h(29,1): warning C4267: 'return': conversion from 'size_t' to 'unsigned int', possible loss of data (compiling source file propmodel.cpp)
C:\Projects\Aquifolium\include\System.h(133,26): warning C4267: 'return': conversion from 'size_t' to 'int', possible loss of data (compiling source file propmodel.cpp)
C:\Projects\Aquifolium\include\System.h(134,29): warning C4267: 'return': conversion from 'size_t' to 'int', possible loss of data (compiling source file propmodel.cpp)
C:\Projects\Aquifolium\include\System.h(135,26): warning C4267: 'return': conversion from 'size_t' to 'int', possible loss of data (compiling source file propmodel.cpp)
C:\Projects\Aquifolium\include\System.h(136,28): warning C4267: 'return': conversion from 'size_t' to 'int', possible loss of data (compiling source file propmodel.cpp)
C:\Projects\Aquifolium\include\System.h(194,46): warning C4100: 's': unreferenced formal parameter (compiling source file propmodel.cpp)
C:\Projects\QAquifolium\propmodel.cpp(19,44): warning C4100: 'i': unreferenced formal parameter
C:\Projects\QAquifolium\propmodel.cpp(24,47): warning C4100: 'i': unreferenced formal parameter
C:\Projects\QAquifolium\propmodel.cpp(31,9): warning C4189: 'row': local variable is initialized but not referenced
C:\Projects\QAquifolium\propmodel.cpp(148,9): warning C4189: 'row': local variable is initialized but not referenced
C:\Projects\QAquifolium\propmodel.cpp(149,9): warning C4189: 'col': local variable is initialized but not referenced
  moc_delegate.cpp
  moc_diagramview.cpp
  moc_mainwindow.cpp
  moc_expEditor.cpp
  moc_expressioneditor.cpp
  moc_logwindow.cpp
C:\Projects\Aquifolium\include\Condition.h(20,30): warning C4267: 'return': conversion from 'size_t' to 'unsigned int', possible loss of data (compiling source file Release\moc_diagramview.cpp)
  moc_propmodel.cpp
  moc_qcustomplot.cpp
  moc_plotter.cpp
  moc_runtimewindow.cpp
C:\Projects\Aquifolium\include\Condition.h(20,30): warning C4267: 'return': conversion from 'size_t' to 'unsigned int', possible loss of data (compiling source file Release\moc_mainwindow.cpp)
C:\Projects\Aquifolium\include\QuanSet.h(35,30): warning C4267: 'return': conversion from 'size_t' to 'unsigned long', possible loss of data (compiling source file Release\moc_mainwindow.cpp)
C:\Projects\Aquifolium\include\MetaModel.h(15,46): warning C4267: 'return': conversion from 'size_t' to 'unsigned long', possible loss of data (compiling source file Release\moc_mainwindow.cpp)
C:\Projects\Aquifolium\include\MetaModel.h(22,30): warning C4267: 'return': conversion from 'size_t' to 'unsigned long', possible loss of data (compiling source file Release\moc_mainwindow.cpp)
C:\Projects\Aquifolium\include\QuanSet.h(35,30): warning C4267: 'return': conversion from 'size_t' to 'unsigned long', possible loss of data (compiling source file Release\moc_diagramview.cpp)
C:\Projects\Aquifolium\include\MetaModel.h(15,46): warning C4267: 'return': conversion from 'size_t' to 'unsigned long', possible loss of data (compiling source file Release\moc_diagramview.cpp)
C:\Projects\Aquifolium\include\MetaModel.h(22,30): warning C4267: 'return': conversion from 'size_t' to 'unsigned long', possible loss of data (compiling source file Release\moc_diagramview.cpp)
C:\Projects\Aquifolium\include\Condition.h(20,30): warning C4267: 'return': conversion from 'size_t' to 'unsigned int', possible loss of data (compiling source file Release\moc_propmodel.cpp)
C:\Projects\Aquifolium\include\QuanSet.h(35,30): warning C4267: 'return': conversion from 'size_t' to 'unsigned long', possible loss of data (compiling source file Release\moc_propmodel.cpp)
C:\Projects\QAquifolium\propmodel.h(24,1): warning C4267: 'return': conversion from 'size_t' to 'int', possible loss of data (compiling source file Release\moc_propmodel.cpp)
C:\Projects\QAquifolium\propmodel.h(22,34): warning C4100: 'index': unreferenced formal parameter (compiling source file Release\moc_propmodel.cpp)
C:\Projects\Aquifolium\include\ErrorHandler.h(33,21): warning C4267: 'return': conversion from 'size_t' to 'int', possible loss of data (compiling source file Release\moc_diagramview.cpp)
C:\Projects\Aquifolium\include\ErrorHandler.h(33,21): warning C4267: 'return': conversion from 'size_t' to 'int', possible loss of data (compiling source file Release\moc_mainwindow.cpp)
C:\Projects\Aquifolium\include\Objective_Function_Set.h(29,1): warning C4267: 'return': conversion from 'size_t' to 'unsigned int', possible loss of data (compiling source file Release\moc_mainwindow.cpp)
C:\Projects\Aquifolium\include\Parameter_Set.h(29,1): warning C4267: 'return': conversion from 'size_t' to 'unsigned int', possible loss of data (compiling source file Release\moc_mainwindow.cpp)
C:\Projects\Aquifolium\include\System.h(133,26): warning C4267: 'return': conversion from 'size_t' to 'int', possible loss of data (compiling source file Release\moc_mainwindow.cpp)
C:\Projects\Aquifolium\include\System.h(134,29): warning C4267: 'return': conversion from 'size_t' to 'int', possible loss of data (compiling source file Release\moc_mainwindow.cpp)
C:\Projects\Aquifolium\include\System.h(135,26): warning C4267: 'return': conversion from 'size_t' to 'int', possible loss of data (compiling source file Release\moc_mainwindow.cpp)
C:\Projects\Aquifolium\include\System.h(136,28): warning C4267: 'return': conversion from 'size_t' to 'int', possible loss of data (compiling source file Release\moc_mainwindow.cpp)
C:\Projects\Aquifolium\include\System.h(194,46): warning C4100: 's': unreferenced formal parameter (compiling source file Release\moc_mainwindow.cpp)
C:\Projects\QAquifolium\propmodel.h(24,1): warning C4267: 'return': conversion from 'size_t' to 'int', possible loss of data (compiling source file Release\moc_mainwindow.cpp)
C:\Projects\QAquifolium\propmodel.h(22,34): warning C4100: 'index': unreferenced formal parameter (compiling source file Release\moc_mainwindow.cpp)
LINK : warning LNK4044: unrecognized option '/fopenmp'; ignored
  QAquifolium.vcxproj -> C:\Projects\QAquifolium\x64\Release\QAquifolium.exe
  Copying DLLs
  libs\lapack-blas_lib_win64\blas_win64_MT.dll
  libs\lapack-blas_lib_win64\lapack_win64_MT.dll
          2 file(s) copied.
