c:\projects\qaquifolium\x64\release\moc_logwindow.obj
c:\projects\qaquifolium\x64\release\moc_propmodel.obj
c:\projects\qaquifolium\x64\release\moc_expeditor.obj
c:\projects\qaquifolium\x64\release\moc_plotter.obj
c:\projects\qaquifolium\x64\release\moc_expressioneditor.obj
c:\projects\qaquifolium\x64\release\moc_qcustomplot.obj
c:\projects\qaquifolium\x64\release\moc_diagramview.obj
c:\projects\qaquifolium\x64\release\moc_mainwindow.obj
c:\projects\qaquifolium\x64\release\moc_delegate.obj
c:\projects\qaquifolium\x64\release\moc_runtimewindow.obj
c:\projects\qaquifolium\x64\release\btc.obj
c:\projects\qaquifolium\x64\release\matrix.obj
c:\projects\qaquifolium\x64\release\metamodel.obj
c:\projects\qaquifolium\x64\release\object.obj
c:\projects\qaquifolium\x64\release\quanset.obj
c:\projects\qaquifolium\x64\release\edge.obj
c:\projects\qaquifolium\x64\release\plotter.obj
c:\projects\qaquifolium\x64\release\expression.obj
c:\projects\qaquifolium\x64\release\parameter_set.obj
c:\projects\qaquifolium\x64\release\vector.obj
c:\projects\qaquifolium\x64\release\vector_arma.obj
c:\projects\qaquifolium\x64\release\diagramview.obj
c:\projects\qaquifolium\x64\release\node.obj
c:\projects\qaquifolium\x64\release\btcset.obj
c:\projects\qaquifolium\x64\release\matrix_arma.obj
c:\projects\qaquifolium\x64\release\normaldist.obj
c:\projects\qaquifolium\x64\release\objective_function.obj
c:\projects\qaquifolium\x64\release\script.obj
c:\projects\qaquifolium\x64\release\expeditor.obj
c:\projects\qaquifolium\x64\release\propmodel.obj
c:\projects\qaquifolium\x64\release\command.obj
c:\projects\qaquifolium\x64\release\precipitation.obj
c:\projects\qaquifolium\x64\release\quan.obj
c:\projects\qaquifolium\x64\release\delegate.obj
c:\projects\qaquifolium\x64\release\mainwindow.obj
c:\projects\qaquifolium\x64\release\link.obj
c:\projects\qaquifolium\x64\release\objective_function_set.obj
c:\projects\qaquifolium\x64\release\source.obj
c:\projects\qaquifolium\x64\release\expressioneditor.obj
c:\projects\qaquifolium\x64\release\block.obj
c:\projects\qaquifolium\x64\release\parameter.obj
c:\projects\qaquifolium\x64\release\system.obj
c:\projects\qaquifolium\x64\release\main.obj
c:\projects\qaquifolium\x64\release\distributionnunif.obj
c:\projects\qaquifolium\x64\release\condition.obj
c:\projects\qaquifolium\x64\release\json_value.obj
c:\projects\qaquifolium\x64\release\runtimewindow.obj
c:\projects\qaquifolium\x64\release\binary.obj
c:\projects\qaquifolium\x64\release\quicksort.obj
c:\projects\qaquifolium\x64\release\qcustomplot.obj
c:\projects\qaquifolium\x64\release\distribution.obj
c:\projects\qaquifolium\x64\release\individual.obj
c:\projects\qaquifolium\x64\release\rule.obj
c:\projects\qaquifolium\x64\release\json_writer.obj
c:\projects\qaquifolium\x64\release\logwindow.obj
c:\projects\qaquifolium\x64\release\utilityfuncs.obj
c:\projects\qaquifolium\x64\release\json_reader.obj
c:\projects\qaquifolium\x64\release\ray.obj
c:\projects\qaquifolium\x64\release\errorhandler.obj
c:\projects\qaquifolium\x64\release\qaquifolium.exe
c:\projects\qaquifolium\release\moc_delegate.cpp
c:\projects\qaquifolium\release\moc_diagramview.cpp
c:\projects\qaquifolium\release\moc_mainwindow.cpp
c:\projects\qaquifolium\release\moc_expeditor.cpp
c:\projects\qaquifolium\release\moc_expressioneditor.cpp
c:\projects\qaquifolium\release\moc_logwindow.cpp
c:\projects\qaquifolium\release\moc_propmodel.cpp
c:\projects\qaquifolium\release\moc_qcustomplot.cpp
c:\projects\qaquifolium\release\moc_plotter.cpp
c:\projects\qaquifolium\release\moc_runtimewindow.cpp
c:\projects\qaquifolium\ui_logwindow.h
c:\projects\qaquifolium\ui_mainwindow.h
c:\projects\qaquifolium\ui_plotter.h
c:\projects\qaquifolium\ui_runtimewindow.h
c:\projects\qaquifolium\x64\release\qaquifolium.tlog\cl.10184.write.1.tlog
c:\projects\qaquifolium\x64\release\qaquifolium.tlog\cl.command.1.tlog
c:\projects\qaquifolium\x64\release\qaquifolium.tlog\cl.read.1.tlog
c:\projects\qaquifolium\x64\release\qaquifolium.tlog\link.command.1.tlog
c:\projects\qaquifolium\x64\release\qaquifolium.tlog\link.read.1.tlog
c:\projects\qaquifolium\x64\release\qaquifolium.tlog\link.write.1.tlog
c:\projects\qaquifolium\x64\release\qaquifolium.tlog\moc.read.1u.tlog
c:\projects\qaquifolium\x64\release\qaquifolium.tlog\moc.write.1u.tlog
c:\projects\qaquifolium\x64\release\qaquifolium.tlog\qaquifolium.write.1u.tlog
c:\projects\qaquifolium\x64\release\qaquifolium.tlog\uic.read.1u.tlog
c:\projects\qaquifolium\x64\release\qaquifolium.tlog\uic.write.1u.tlog
